[2022-04-14 03:42:25] local.ERROR: filemtime(): stat failed for D:\Matkul Semester 4\proyek\kelompok-faust\.env {"exception":"[object] (ErrorException(code: 0): filemtime(): stat failed for D:\\Matkul Semester 4\\proyek\\kelompok-faust\\.env at D:\\Matkul Semester 4\\proyek\\kelompok-faust\\vendor\\laravel\\framework\\src\\Illuminate\\Foundation\\Console\\ServeCommand.php:66)
[stacktrace]
#0 [internal function]: Illuminate\\Foundation\\Bootstrap\\HandleExceptions->handleError(2, 'filemtime(): st...', 'D:\\\\Matkul Semes...', 66)
#1 D:\\Matkul Semester 4\\proyek\\kelompok-faust\\vendor\\laravel\\framework\\src\\Illuminate\\Foundation\\Console\\ServeCommand.php(66): filemtime('D:\\\\Matkul Semes...')
#2 D:\\Matkul Semester 4\\proyek\\kelompok-faust\\vendor\\laravel\\framework\\src\\Illuminate\\Container\\BoundMethod.php(36): Illuminate\\Foundation\\Console\\ServeCommand->handle()
#3 D:\\Matkul Semester 4\\proyek\\kelompok-faust\\vendor\\laravel\\framework\\src\\Illuminate\\Container\\Util.php(40): Illuminate\\Container\\BoundMethod::Illuminate\\Container\\{closure}()
#4 D:\\Matkul Semester 4\\proyek\\kelompok-faust\\vendor\\laravel\\framework\\src\\Illuminate\\Container\\BoundMethod.php(93): Illuminate\\Container\\Util::unwrapIfClosure(Object(Closure))
#5 D:\\Matkul Semester 4\\proyek\\kelompok-faust\\vendor\\laravel\\framework\\src\\Illuminate\\Container\\BoundMethod.php(37): Illuminate\\Container\\BoundMethod::callBoundMethod(Object(Illuminate\\Foundation\\Application), Array, Object(Closure))
#6 D:\\Matkul Semester 4\\proyek\\kelompok-faust\\vendor\\laravel\\framework\\src\\Illuminate\\Container\\Container.php(653): Illuminate\\Container\\BoundMethod::call(Object(Illuminate\\Foundation\\Application), Array, Array, NULL)
#7 D:\\Matkul Semester 4\\proyek\\kelompok-faust\\vendor\\laravel\\framework\\src\\Illuminate\\Console\\Command.php(136): Illuminate\\Container\\Container->call(Array)
#8 D:\\Matkul Semester 4\\proyek\\kelompok-faust\\vendor\\symfony\\console\\Command\\Command.php(298): Illuminate\\Console\\Command->execute(Object(Symfony\\Component\\Console\\Input\\ArgvInput), Object(Illuminate\\Console\\OutputStyle))
#9 D:\\Matkul Semester 4\\proyek\\kelompok-faust\\vendor\\laravel\\framework\\src\\Illuminate\\Console\\Command.php(121): Symfony\\Component\\Console\\Command\\Command->run(Object(Symfony\\Component\\Console\\Input\\ArgvInput), Object(Illuminate\\Console\\OutputStyle))
#10 D:\\Matkul Semester 4\\proyek\\kelompok-faust\\vendor\\symfony\\console\\Application.php(1015): Illuminate\\Console\\Command->run(Object(Symfony\\Component\\Console\\Input\\ArgvInput), Object(Symfony\\Component\\Console\\Output\\ConsoleOutput))
#11 D:\\Matkul Semester 4\\proyek\\kelompok-faust\\vendor\\symfony\\console\\Application.php(299): Symfony\\Component\\Console\\Application->doRunCommand(Object(Illuminate\\Foundation\\Console\\ServeCommand), Object(Symfony\\Component\\Console\\Input\\ArgvInput), Object(Symfony\\Component\\Console\\Output\\ConsoleOutput))
#12 D:\\Matkul Semester 4\\proyek\\kelompok-faust\\vendor\\symfony\\console\\Application.php(171): Symfony\\Component\\Console\\Application->doRun(Object(Symfony\\Component\\Console\\Input\\ArgvInput), Object(Symfony\\Component\\Console\\Output\\ConsoleOutput))
#13 D:\\Matkul Semester 4\\proyek\\kelompok-faust\\vendor\\laravel\\framework\\src\\Illuminate\\Console\\Application.php(94): Symfony\\Component\\Console\\Application->run(Object(Symfony\\Component\\Console\\Input\\ArgvInput), Object(Symfony\\Component\\Console\\Output\\ConsoleOutput))
#14 D:\\Matkul Semester 4\\proyek\\kelompok-faust\\vendor\\laravel\\framework\\src\\Illuminate\\Foundation\\Console\\Kernel.php(129): Illuminate\\Console\\Application->run(Object(Symfony\\Component\\Console\\Input\\ArgvInput), Object(Symfony\\Component\\Console\\Output\\ConsoleOutput))
#15 D:\\Matkul Semester 4\\proyek\\kelompok-faust\\artisan(37): Illuminate\\Foundation\\Console\\Kernel->handle(Object(Symfony\\Component\\Console\\Input\\ArgvInput), Object(Symfony\\Component\\Console\\Output\\ConsoleOutput))
#16 {main}
"} 
[2022-04-14 03:42:25] local.ERROR: include(D:\Matkul Semester 4\proyek\kelompok-faust\vendor\composer/../filp/whoops/src/Whoops/Handler/Handler.php): Failed to open stream: No such file or directory {"exception":"[object] (ErrorException(code: 0): include(D:\\Matkul Semester 4\\proyek\\kelompok-faust\\vendor\\composer/../filp/whoops/src/Whoops/Handler/Handler.php): Failed to open stream: No such file or directory at D:\\Matkul Semester 4\\proyek\\kelompok-faust\\vendor\\composer\\ClassLoader.php:480)
[stacktrace]
#0 D:\\Matkul Semester 4\\proyek\\kelompok-faust\\vendor\\composer\\ClassLoader.php(480): Illuminate\\Foundation\\Bootstrap\\HandleExceptions->handleError(2, 'include(D:\\\\Matk...', 'D:\\\\Matkul Semes...', 480)
#1 D:\\Matkul Semester 4\\proyek\\kelompok-faust\\vendor\\composer\\ClassLoader.php(480): include()
#2 D:\\Matkul Semester 4\\proyek\\kelompok-faust\\vendor\\composer\\ClassLoader.php(346): Composer\\Autoload\\includeFile('D:\\\\Matkul Semes...')
#3 D:\\Matkul Semester 4\\proyek\\kelompok-faust\\vendor\
unomaduro\\collision\\src\\Handler.php(17): Composer\\Autoload\\ClassLoader->loadClass('Whoops\\\\Handler\\\\...')
#4 D:\\Matkul Semester 4\\proyek\\kelompok-faust\\vendor\\composer\\ClassLoader.php(480): include('D:\\\\Matkul Semes...')
#5 D:\\Matkul Semester 4\\proyek\\kelompok-faust\\vendor\\composer\\ClassLoader.php(346): Composer\\Autoload\\includeFile('D:\\\\Matkul Semes...')
#6 D:\\Matkul Semester 4\\proyek\\kelompok-faust\\vendor\
unomaduro\\collision\\src\\Adapters\\Laravel\\CollisionServiceProvider.php(58): Composer\\Autoload\\ClassLoader->loadClass('NunoMaduro\\\\Coll...')
#7 D:\\Matkul Semester 4\\proyek\\kelompok-faust\\vendor\\laravel\\framework\\src\\Illuminate\\Container\\Container.php(873): NunoMaduro\\Collision\\Adapters\\Laravel\\CollisionServiceProvider->NunoMaduro\\Collision\\Adapters\\Laravel\\{closure}(Object(Illuminate\\Foundation\\Application), Array)
#8 D:\\Matkul Semester 4\\proyek\\kelompok-faust\\vendor\\laravel\\framework\\src\\Illuminate\\Container\\Container.php(758): Illuminate\\Container\\Container->build(Object(Closure))
#9 D:\\Matkul Semester 4\\proyek\\kelompok-faust\\vendor\\laravel\\framework\\src\\Illuminate\\Foundation\\Application.php(851): Illuminate\\Container\\Container->resolve('NunoMaduro\\\\Coll...', Array, true)
#10 D:\\Matkul Semester 4\\proyek\\kelompok-faust\\vendor\\laravel\\framework\\src\\Illuminate\\Container\\Container.php(694): Illuminate\\Foundation\\Application->resolve('NunoMaduro\\\\Coll...', Array)
#11 D:\\Matkul Semester 4\\proyek\\kelompok-faust\\vendor\\laravel\\framework\\src\\Illuminate\\Foundation\\Application.php(836): Illuminate\\Container\\Container->make('NunoMaduro\\\\Coll...', Array)
#12 D:\\Matkul Semester 4\\proyek\\kelompok-faust\\vendor\
unomaduro\\collision\\src\\Adapters\\Laravel\\ExceptionHandler.php(65): Illuminate\\Foundation\\Application->make('NunoMaduro\\\\Coll...')
#13 D:\\Matkul Semester 4\\proyek\\kelompok-faust\\vendor\\laravel\\framework\\src\\Illuminate\\Foundation\\Console\\Kernel.php(378): NunoMaduro\\Collision\\Adapters\\Laravel\\ExceptionHandler->renderForConsole(Object(Symfony\\Component\\Console\\Output\\ConsoleOutput), Object(ErrorException))
#14 D:\\Matkul Semester 4\\proyek\\kelompok-faust\\vendor\\laravel\\framework\\src\\Illuminate\\Foundation\\Console\\Kernel.php(133): Illuminate\\Foundation\\Console\\Kernel->renderException(Object(Symfony\\Component\\Console\\Output\\ConsoleOutput), Object(ErrorException))
#15 D:\\Matkul Semester 4\\proyek\\kelompok-faust\\artisan(37): Illuminate\\Foundation\\Console\\Kernel->handle(Object(Symfony\\Component\\Console\\Input\\ArgvInput), Object(Symfony\\Component\\Console\\Output\\ConsoleOutput))
#16 {main}
"} 
[2022-04-14 03:42:25] local.ERROR: Uncaught ErrorException: include(D:\Matkul Semester 4\proyek\kelompok-faust\vendor\composer/../filp/whoops/src/Whoops/Handler/Handler.php): Failed to open stream: No such file or directory in D:\Matkul Semester 4\proyek\kelompok-faust\vendor\composer\ClassLoader.php:480
Stack trace:
#0 D:\Matkul Semester 4\proyek\kelompok-faust\vendor\composer\ClassLoader.php(480): Illuminate\Foundation\Bootstrap\HandleExceptions->handleError(2, 'include(D:\\Matk...', 'D:\\Matkul Semes...', 480)
#1 D:\Matkul Semester 4\proyek\kelompok-faust\vendor\composer\ClassLoader.php(480): include()
#2 D:\Matkul Semester 4\proyek\kelompok-faust\vendor\composer\ClassLoader.php(346): Composer\Autoload\includeFile('D:\\Matkul Semes...')
#3 D:\Matkul Semester 4\proyek\kelompok-faust\vendor\nunomaduro\collision\src\Handler.php(17): Composer\Autoload\ClassLoader->loadClass('Whoops\\Handler\\...')
#4 D:\Matkul Semester 4\proyek\kelompok-faust\vendor\composer\ClassLoader.php(480): include('D:\\Matkul Semes...')
#5 D:\Matkul Semester 4\proyek\kelompok-faust\vendor\composer\ClassLoader.php(346): Composer\Autoload\includeFile('D:\\Matkul Semes...')
#6 D:\Matkul Semester 4\proyek\kelompok-faust\vendor\nunomaduro\collision\src\Adapters\Laravel\CollisionServiceProvider.php(58): Composer\Autoload\ClassLoader->loadClass('NunoMaduro\\Coll...')
#7 D:\Matkul Semester 4\proyek\kelompok-faust\vendor\laravel\framework\src\Illuminate\Container\Container.php(873): NunoMaduro\Collision\Adapters\Laravel\CollisionServiceProvider->NunoMaduro\Collision\Adapters\Laravel\{closure}(Object(Illuminate\Foundation\Application), Array)
#8 D:\Matkul Semester 4\proyek\kelompok-faust\vendor\laravel\framework\src\Illuminate\Container\Container.php(758): Illuminate\Container\Container->build(Object(Closure))
#9 D:\Matkul Semester 4\proyek\kelompok-faust\vendor\laravel\framework\src\Illuminate\Foundation\Application.php(851): Illuminate\Container\Container->resolve('NunoMaduro\\Coll...', Array, true)
#10 D:\Matkul Semester 4\proyek\kelompok-faust\vendor\laravel\framework\src\Illuminate\Container\Container.php(694): Illuminate\Foundation\Application->resolve('NunoMaduro\\Coll...', Array)
#11 D:\Matkul Semester 4\proyek\kelompok-faust\vendor\laravel\framework\src\Illuminate\Foundation\Application.php(836): Illuminate\Container\Container->make('NunoMaduro\\Coll...', Array)
#12 D:\Matkul Semester 4\proyek\kelompok-faust\vendor\nunomaduro\collision\src\Adapters\Laravel\ExceptionHandler.php(65): Illuminate\Foundation\Application->make('NunoMaduro\\Coll...')
#13 D:\Matkul Semester 4\proyek\kelompok-faust\vendor\laravel\framework\src\Illuminate\Foundation\Bootstrap\HandleExceptions.php(185): NunoMaduro\Collision\Adapters\Laravel\ExceptionHandler->renderForConsole(Object(Symfony\Component\Console\Output\ConsoleOutput), Object(ErrorException))
#14 D:\Matkul Semester 4\proyek\kelompok-faust\vendor\laravel\framework\src\Illuminate\Foundation\Bootstrap\HandleExceptions.php(171): Illuminate\Foundation\Bootstrap\HandleExceptions->renderForConsole(Object(ErrorException))
#15 [internal function]: Illuminate\Foundation\Bootstrap\HandleExceptions->handleException(Object(ErrorException))
#16 {main}
  thrown {"exception":"[object] (Symfony\\Component\\ErrorHandler\\Error\\FatalError(code: 0): Uncaught ErrorException: include(D:\\Matkul Semester 4\\proyek\\kelompok-faust\\vendor\\composer/../filp/whoops/src/Whoops/Handler/Handler.php): Failed to open stream: No such file or directory in D:\\Matkul Semester 4\\proyek\\kelompok-faust\\vendor\\composer\\ClassLoader.php:480
Stack trace:
#0 D:\\Matkul Semester 4\\proyek\\kelompok-faust\\vendor\\composer\\ClassLoader.php(480): Illuminate\\Foundation\\Bootstrap\\HandleExceptions->handleError(2, 'include(D:\\\\Matk...', 'D:\\\\Matkul Semes...', 480)
#1 D:\\Matkul Semester 4\\proyek\\kelompok-faust\\vendor\\composer\\ClassLoader.php(480): include()
#2 D:\\Matkul Semester 4\\proyek\\kelompok-faust\\vendor\\composer\\ClassLoader.php(346): Composer\\Autoload\\includeFile('D:\\\\Matkul Semes...')
#3 D:\\Matkul Semester 4\\proyek\\kelompok-faust\\vendor\
unomaduro\\collision\\src\\Handler.php(17): Composer\\Autoload\\ClassLoader->loadClass('Whoops\\\\Handler\\\\...')
#4 D:\\Matkul Semester 4\\proyek\\kelompok-faust\\vendor\\composer\\ClassLoader.php(480): include('D:\\\\Matkul Semes...')
#5 D:\\Matkul Semester 4\\proyek\\kelompok-faust\\vendor\\composer\\ClassLoader.php(346): Composer\\Autoload\\includeFile('D:\\\\Matkul Semes...')
#6 D:\\Matkul Semester 4\\proyek\\kelompok-faust\\vendor\
unomaduro\\collision\\src\\Adapters\\Laravel\\CollisionServiceProvider.php(58): Composer\\Autoload\\ClassLoader->loadClass('NunoMaduro\\\\Coll...')
#7 D:\\Matkul Semester 4\\proyek\\kelompok-faust\\vendor\\laravel\\framework\\src\\Illuminate\\Container\\Container.php(873): NunoMaduro\\Collision\\Adapters\\Laravel\\CollisionServiceProvider->NunoMaduro\\Collision\\Adapters\\Laravel\\{closure}(Object(Illuminate\\Foundation\\Application), Array)
#8 D:\\Matkul Semester 4\\proyek\\kelompok-faust\\vendor\\laravel\\framework\\src\\Illuminate\\Container\\Container.php(758): Illuminate\\Container\\Container->build(Object(Closure))
#9 D:\\Matkul Semester 4\\proyek\\kelompok-faust\\vendor\\laravel\\framework\\src\\Illuminate\\Foundation\\Application.php(851): Illuminate\\Container\\Container->resolve('NunoMaduro\\\\Coll...', Array, true)
#10 D:\\Matkul Semester 4\\proyek\\kelompok-faust\\vendor\\laravel\\framework\\src\\Illuminate\\Container\\Container.php(694): Illuminate\\Foundation\\Application->resolve('NunoMaduro\\\\Coll...', Array)
#11 D:\\Matkul Semester 4\\proyek\\kelompok-faust\\vendor\\laravel\\framework\\src\\Illuminate\\Foundation\\Application.php(836): Illuminate\\Container\\Container->make('NunoMaduro\\\\Coll...', Array)
#12 D:\\Matkul Semester 4\\proyek\\kelompok-faust\\vendor\
unomaduro\\collision\\src\\Adapters\\Laravel\\ExceptionHandler.php(65): Illuminate\\Foundation\\Application->make('NunoMaduro\\\\Coll...')
#13 D:\\Matkul Semester 4\\proyek\\kelompok-faust\\vendor\\laravel\\framework\\src\\Illuminate\\Foundation\\Bootstrap\\HandleExceptions.php(185): NunoMaduro\\Collision\\Adapters\\Laravel\\ExceptionHandler->renderForConsole(Object(Symfony\\Component\\Console\\Output\\ConsoleOutput), Object(ErrorException))
#14 D:\\Matkul Semester 4\\proyek\\kelompok-faust\\vendor\\laravel\\framework\\src\\Illuminate\\Foundation\\Bootstrap\\HandleExceptions.php(171): Illuminate\\Foundation\\Bootstrap\\HandleExceptions->renderForConsole(Object(ErrorException))
#15 [internal function]: Illuminate\\Foundation\\Bootstrap\\HandleExceptions->handleException(Object(ErrorException))
#16 {main}
  thrown at D:\\Matkul Semester 4\\proyek\\kelompok-faust\\vendor\\composer\\ClassLoader.php:480)
[stacktrace]
#0 {main}
"} 
